c:\users\beibe\8003-dotnet_class\200-final_program\noteslibrary\log4csatl\debug\log4csatl.pch
c:\users\beibe\8003-dotnet_class\200-final_program\noteslibrary\log4csatl\debug\vc142.pdb
c:\users\beibe\8003-dotnet_class\200-final_program\noteslibrary\log4csatl\debug\vc142.idb
c:\users\beibe\8003-dotnet_class\200-final_program\noteslibrary\log4csatl\debug\stdafx.obj
c:\users\beibe\8003-dotnet_class\200-final_program\noteslibrary\log4csatl\debug\dllmain.obj
c:\users\beibe\8003-dotnet_class\200-final_program\noteslibrary\log4csatl\debug\log4csatl.obj
c:\users\beibe\8003-dotnet_class\200-final_program\noteslibrary\log4csatl\debug\httprequestlogger.obj
c:\users\beibe\8003-dotnet_class\200-final_program\noteslibrary\log4csatl\debug\xdlldata.obj
c:\users\beibe\8003-dotnet_class\200-final_program\noteslibrary\log4csatl\debug\log4csatl_i.obj
c:\users\beibe\8003-dotnet_class\200-final_program\noteslibrary\debug\log4csatl.ilk
c:\users\beibe\8003-dotnet_class\200-final_program\noteslibrary\debug\log4csatl.dll
c:\users\beibe\8003-dotnet_class\200-final_program\noteslibrary\debug\log4csatl.pdb
c:\users\beibe\8003-dotnet_class\200-final_program\noteslibrary\debug\log4csatl.lib
c:\users\beibe\8003-dotnet_class\200-final_program\noteslibrary\debug\log4csatl.exp
c:\users\beibe\8003-dotnet_class\200-final_program\noteslibrary\log4csatl\debug\log4csatl.tlb
c:\users\beibe\8003-dotnet_class\200-final_program\noteslibrary\log4csatl\log4csatl_p.c
c:\users\beibe\8003-dotnet_class\200-final_program\noteslibrary\log4csatl\log4csatl_i.c
c:\users\beibe\8003-dotnet_class\200-final_program\noteslibrary\log4csatl\log4csatl_i.h
c:\users\beibe\8003-dotnet_class\200-final_program\noteslibrary\log4csatl\debug\log4csatl.res
c:\users\beibe\8003-dotnet_class\200-final_program\noteslibrary\log4csatl\debug\log4csatl.tlog\cl.command.1.tlog
c:\users\beibe\8003-dotnet_class\200-final_program\noteslibrary\log4csatl\debug\log4csatl.tlog\cl.read.1.tlog
c:\users\beibe\8003-dotnet_class\200-final_program\noteslibrary\log4csatl\debug\log4csatl.tlog\cl.write.1.tlog
c:\users\beibe\8003-dotnet_class\200-final_program\noteslibrary\log4csatl\debug\log4csatl.tlog\link.command.1.tlog
c:\users\beibe\8003-dotnet_class\200-final_program\noteslibrary\log4csatl\debug\log4csatl.tlog\link.read.1.tlog
c:\users\beibe\8003-dotnet_class\200-final_program\noteslibrary\log4csatl\debug\log4csatl.tlog\link.write.1.tlog
c:\users\beibe\8003-dotnet_class\200-final_program\noteslibrary\log4csatl\debug\log4csatl.tlog\log4csatl.write.1u.tlog
c:\users\beibe\8003-dotnet_class\200-final_program\noteslibrary\log4csatl\debug\log4csatl.tlog\midl.command.1.tlog
c:\users\beibe\8003-dotnet_class\200-final_program\noteslibrary\log4csatl\debug\log4csatl.tlog\midl.read.1.tlog
c:\users\beibe\8003-dotnet_class\200-final_program\noteslibrary\log4csatl\debug\log4csatl.tlog\midl.write.1.tlog
c:\users\beibe\8003-dotnet_class\200-final_program\noteslibrary\log4csatl\debug\log4csatl.tlog\rc.command.1.tlog
c:\users\beibe\8003-dotnet_class\200-final_program\noteslibrary\log4csatl\debug\log4csatl.tlog\rc.read.1.tlog
c:\users\beibe\8003-dotnet_class\200-final_program\noteslibrary\log4csatl\debug\log4csatl.tlog\rc.write.1.tlog
