c:\users\guyaq\source\repos\project-for-asp.net-master\back\devicemanagement\log4csatl\x64\release\log4csatl.pch
c:\users\guyaq\source\repos\project-for-asp.net-master\back\devicemanagement\log4csatl\x64\release\vc142.pdb
c:\users\guyaq\source\repos\project-for-asp.net-master\back\devicemanagement\log4csatl\x64\release\stdafx.obj
c:\users\guyaq\source\repos\project-for-asp.net-master\back\devicemanagement\log4csatl\x64\release\dllmain.obj
c:\users\guyaq\source\repos\project-for-asp.net-master\back\devicemanagement\log4csatl\x64\release\log4csatl.obj
c:\users\guyaq\source\repos\project-for-asp.net-master\back\devicemanagement\log4csatl\x64\release\httprequestlogger.obj
c:\users\guyaq\source\repos\project-for-asp.net-master\back\devicemanagement\log4csatl\x64\release\xdlldata.obj
c:\users\guyaq\source\repos\project-for-asp.net-master\back\devicemanagement\log4csatl\x64\release\log4csatl_i.obj
c:\users\guyaq\source\repos\project-for-asp.net-master\back\devicemanagement\x64\release\log4csatl.dll
c:\users\guyaq\source\repos\project-for-asp.net-master\back\devicemanagement\x64\release\log4csatl.pdb
c:\users\guyaq\source\repos\project-for-asp.net-master\back\devicemanagement\x64\release\log4csatl.lib
c:\users\guyaq\source\repos\project-for-asp.net-master\back\devicemanagement\x64\release\log4csatl.exp
c:\users\guyaq\source\repos\project-for-asp.net-master\back\devicemanagement\log4csatl\x64\release\log4csatl.tlb
c:\users\guyaq\source\repos\project-for-asp.net-master\back\devicemanagement\log4csatl\log4csatl_p.c
c:\users\guyaq\source\repos\project-for-asp.net-master\back\devicemanagement\log4csatl\log4csatl_i.c
c:\users\guyaq\source\repos\project-for-asp.net-master\back\devicemanagement\log4csatl\log4csatl_i.h
c:\users\guyaq\source\repos\project-for-asp.net-master\back\devicemanagement\log4csatl\x64\release\log4csatl.res
c:\users\guyaq\source\repos\project-for-asp.net-master\back\devicemanagement\log4csatl\x64\release\log4csatl.tlog\cl.command.1.tlog
c:\users\guyaq\source\repos\project-for-asp.net-master\back\devicemanagement\log4csatl\x64\release\log4csatl.tlog\cl.read.1.tlog
c:\users\guyaq\source\repos\project-for-asp.net-master\back\devicemanagement\log4csatl\x64\release\log4csatl.tlog\cl.write.1.tlog
c:\users\guyaq\source\repos\project-for-asp.net-master\back\devicemanagement\log4csatl\x64\release\log4csatl.tlog\link.command.1.tlog
c:\users\guyaq\source\repos\project-for-asp.net-master\back\devicemanagement\log4csatl\x64\release\log4csatl.tlog\link.read.1.tlog
c:\users\guyaq\source\repos\project-for-asp.net-master\back\devicemanagement\log4csatl\x64\release\log4csatl.tlog\link.write.1.tlog
c:\users\guyaq\source\repos\project-for-asp.net-master\back\devicemanagement\log4csatl\x64\release\log4csatl.tlog\log4csatl.write.1u.tlog
c:\users\guyaq\source\repos\project-for-asp.net-master\back\devicemanagement\log4csatl\x64\release\log4csatl.tlog\midl.command.1.tlog
c:\users\guyaq\source\repos\project-for-asp.net-master\back\devicemanagement\log4csatl\x64\release\log4csatl.tlog\midl.read.1.tlog
c:\users\guyaq\source\repos\project-for-asp.net-master\back\devicemanagement\log4csatl\x64\release\log4csatl.tlog\midl.write.1.tlog
c:\users\guyaq\source\repos\project-for-asp.net-master\back\devicemanagement\log4csatl\x64\release\log4csatl.tlog\rc.command.1.tlog
c:\users\guyaq\source\repos\project-for-asp.net-master\back\devicemanagement\log4csatl\x64\release\log4csatl.tlog\rc.read.1.tlog
c:\users\guyaq\source\repos\project-for-asp.net-master\back\devicemanagement\log4csatl\x64\release\log4csatl.tlog\rc.write.1.tlog
