c:\users\beibe\8003-dotnet_class\200-final_program\noteslibrary\threadwritter\debug\threadwritter.pch
c:\users\beibe\8003-dotnet_class\200-final_program\noteslibrary\threadwritter\debug\vc142.pdb
c:\users\beibe\8003-dotnet_class\200-final_program\noteslibrary\threadwritter\debug\pch.obj
c:\users\beibe\8003-dotnet_class\200-final_program\noteslibrary\threadwritter\debug\threadwritter.obj
c:\users\beibe\8003-dotnet_class\200-final_program\noteslibrary\threadwritter\debug\assemblyinfo.obj
c:\users\beibe\8003-dotnet_class\200-final_program\noteslibrary\threadwritter\debug\.netframework,version=v4.7.2.assemblyattributes.obj
c:\users\beibe\8003-dotnet_class\200-final_program\noteslibrary\debug\threadwritter.dll
c:\users\beibe\8003-dotnet_class\200-final_program\noteslibrary\debug\threadwritter.pdb
c:\users\beibe\8003-dotnet_class\200-final_program\noteslibrary\threadwritter\debug\app.res
c:\users\beibe\8003-dotnet_class\200-final_program\noteslibrary\threadwritter\debug\threadwritter.tlog\cl.command.1.tlog
c:\users\beibe\8003-dotnet_class\200-final_program\noteslibrary\threadwritter\debug\threadwritter.tlog\cl.read.1.tlog
c:\users\beibe\8003-dotnet_class\200-final_program\noteslibrary\threadwritter\debug\threadwritter.tlog\cl.write.1.tlog
c:\users\beibe\8003-dotnet_class\200-final_program\noteslibrary\threadwritter\debug\threadwritter.tlog\link.command.1.tlog
c:\users\beibe\8003-dotnet_class\200-final_program\noteslibrary\threadwritter\debug\threadwritter.tlog\link.read.1.tlog
c:\users\beibe\8003-dotnet_class\200-final_program\noteslibrary\threadwritter\debug\threadwritter.tlog\link.write.1.tlog
c:\users\beibe\8003-dotnet_class\200-final_program\noteslibrary\threadwritter\debug\threadwritter.tlog\metagen.read.1.tlog
c:\users\beibe\8003-dotnet_class\200-final_program\noteslibrary\threadwritter\debug\threadwritter.tlog\metagen.write.1.tlog
c:\users\beibe\8003-dotnet_class\200-final_program\noteslibrary\threadwritter\debug\threadwritter.tlog\rc.command.1.tlog
c:\users\beibe\8003-dotnet_class\200-final_program\noteslibrary\threadwritter\debug\threadwritter.tlog\rc.read.1.tlog
c:\users\beibe\8003-dotnet_class\200-final_program\noteslibrary\threadwritter\debug\threadwritter.tlog\rc.write.1.tlog
